#
# A fatal error has been detected by the Java Runtime Environment:
#
#  Internal Error (0xc0020001), pid=6552, tid=5276
#
# JRE version: Java(TM) SE Runtime Environment (8.0_74-b02) (build 1.8.0_74-b02)
# Java VM: Java HotSpot(TM) Client VM (25.74-b02 mixed mode windows-x86 )
# Problematic frame:
# C  [KERNELBASE.dll+0xc52f]
#
# Failed to write core dump. Minidumps are not enabled by default on client versions of Windows
#
# If you would like to submit a bug report, please visit:
#   http://bugreport.java.com/bugreport/crash.jsp
# The crash happened outside the Java Virtual Machine in native code.
# See problematic frame for where to report the bug.
#

---------------  T H R E A D  ---------------

Current thread (0x08aa8c00):  JavaThread "Thread-0" daemon [_thread_in_native, id=5276, stack(0x08230000,0x08330000)]

siginfo: ExceptionCode=0xc0020001, ExceptionInformation=0x8007042b 

Registers:
EAX=0x0832ed1c, EBX=0x0bf50d48, ECX=0x00000001, EDX=0x00000000
ESP=0x0832ed1c, EBP=0x0832ed6c, ESI=0x07b921c0, EDI=0x08aa8c00
EIP=0x771fc52f, EFLAGS=0x00000202

Top of Stack: (sp=0x0832ed1c)
0x0832ed1c:   c0020001 00000001 00000000 771fc52f
0x0832ed2c:   00000001 8007042b 77cad501 0bf66f4e
0x0832ed3c:   0bf66f4e 08aa8c00 00000000 0bf64538
0x0832ed4c:   08aa8c00 0832ed7c 77cfcab6 08aa8c00
0x0832ed5c:   77cfcb92 08ac7528 08aa8c00 0bf67070
0x0832ed6c:   0832ed88 5602e923 c0020001 00000001
0x0832ed7c:   00000001 0832ed84 8007042b 0832ed98
0x0832ed8c:   55fbda24 8007042b 0bf50d40 0832edb8 

Instructions: (pc=0x771fc52f)
0x771fc50f:   02 50 ff 75 14 8d 45 c4 50 e8 c5 ad 02 00 83 c4
0x771fc51f:   0c eb 03 89 45 c0 8d 45 b0 50 ff 15 5c 11 1f 77
0x771fc52f:   c9 c2 10 00 cc cc cc cc cc 8b ff 55 8b ec 56 8b
0x771fc53f:   75 08 83 fe f4 72 18 83 fe f6 77 13 8d 45 08 50 


Register to memory mapping:

EAX=0x0832ed1c is pointing into the stack for thread: 0x08aa8c00
EBX={method} {0x0bf50d4c} 'setProgress' '(II)V' in 'flash/tools/debugger/__IProgress'
ECX=0x00000001 is an unknown value
EDX=0x00000000 is an unknown value
ESP=0x0832ed1c is pointing into the stack for thread: 0x08aa8c00
EBP=0x0832ed6c is pointing into the stack for thread: 0x08aa8c00
ESI=0x07b921c0 is an unknown value
EDI=0x08aa8c00 is a thread


Stack: [0x08230000,0x08330000],  sp=0x0832ed1c,  free space=1019k
Native frames: (J=compiled Java code, j=interpreted, Vv=VM code, C=native code)
C  [KERNELBASE.dll+0xc52f]
C  [mscorwks.dll+0x24e923]
C  [mscorwks.dll+0x1dda24]
C  [mscorwks.dll+0x1e6d]
j  flash.tools.debugger.__IProgress.setProgress(II)V+0
j  flash.tools.debugger.concrete.PlayerSessionManager.accept(Lflash/tools/debugger/concrete/ProcessListener;Lflash/tools/debugger/IProgress;)Lflash/tools/debugger/Session;+96
j  flash.tools.debugger.concrete.PlayerSessionManager.accept(Lflash/tools/debugger/IProgress;)Lflash/tools/debugger/Session;+3
v  ~StubRoutines::call_stub
V  [jvm.dll+0x158f95]
V  [jvm.dll+0x21e54e]
V  [jvm.dll+0x15902e]
V  [jvm.dll+0xdb23b]
V